# JRE version: Java(TM) SE Runtime Environment (8.0_131-b11) (build 1.8.0_131-b11)
# Java VM: Java HotSpot(TM) 64-Bit Server VM (25.131-b11 mixed mode windows-amd64 compressed oops)
Heap:
 PSYoungGen      total 104960K, used 69870K [0x00000000eb200000, 0x00000000f2380000, 0x0000000100000000)
  eden space 94720K, 66% used [0x00000000eb200000,0x00000000eeff8e10,0x00000000f0e80000)
  from space 10240K, 62% used [0x00000000f1980000,0x00000000f1fc2a88,0x00000000f2380000)
  to   space 10752K, 0% used [0x00000000f0e80000,0x00000000f0e80000,0x00000000f1900000)
 ParOldGen       total 42496K, used 20606K [0x00000000c1600000, 0x00000000c3f80000, 0x00000000eb200000)
  object space 42496K, 48% used [0x00000000c1600000,0x00000000c2a1f8d8,0x00000000c3f80000)
 Metaspace       used 27957K, capacity 28220K, committed 28336K, reserved 1075200K
  class space    used 3385K, capacity 3490K, committed 3504K, reserved 1048576K
GC Heap History (10 events):
Event: 2.987 GC heap before
{Heap before GC invocations=7 (full 1):
 PSYoungGen      total 35328K, used 35307K [0x00000000eb200000, 0x00000000ef700000, 0x0000000100000000)
  eden space 32768K, 100% used [0x00000000eb200000,0x00000000ed200000,0x00000000ed200000)
  from space 2560K, 99% used [0x00000000ed200000,0x00000000ed47ae98,0x00000000ed480000)
  to   space 9728K, 0% used [0x00000000eed80000,0x00000000eed80000,0x00000000ef700000)
 ParOldGen       total 42496K, used 19580K [0x00000000c1600000, 0x00000000c3f80000, 0x00000000eb200000)
  object space 42496K, 46% used [0x00000000c1600000,0x00000000c291f2a0,0x00000000c3f80000)
 Metaspace       used 24401K, capacity 24692K, committed 25008K, reserved 1071104K
  class space    used 2877K, capacity 2978K, committed 2992K, reserved 1048576K
Event: 2.995 GC heap after
Heap after GC invocations=7 (full 1):
 PSYoungGen      total 58880K, used 9721K [0x00000000eb200000, 0x00000000efb00000, 0x0000000100000000)
  eden space 49152K, 0% used [0x00000000eb200000,0x00000000eb200000,0x00000000ee200000)
  from space 9728K, 99% used [0x00000000eed80000,0x00000000ef6fe760,0x00000000ef700000)
  to   space 11776K, 0% used [0x00000000ee200000,0x00000000ee200000,0x00000000eed80000)
 ParOldGen       total 42496K, used 20574K [0x00000000c1600000, 0x00000000c3f80000, 0x00000000eb200000)
  object space 42496K, 48% used [0x00000000c1600000,0x00000000c2a178d8,0x00000000c3f80000)
 Metaspace       used 24401K, capacity 24692K, committed 25008K, reserved 1071104K
  class space    used 2877K, capacity 2978K, committed 2992K, reserved 1048576K
}
Event: 10.333 GC heap before
{Heap before GC invocations=8 (full 1):
 PSYoungGen      total 58880K, used 58873K [0x00000000eb200000, 0x00000000efb00000, 0x0000000100000000)
  eden space 49152K, 100% used [0x00000000eb200000,0x00000000ee200000,0x00000000ee200000)
  from space 9728K, 99% used [0x00000000eed80000,0x00000000ef6fe760,0x00000000ef700000)
  to   space 11776K, 0% used [0x00000000ee200000,0x00000000ee200000,0x00000000eed80000)
 ParOldGen       total 42496K, used 20574K [0x00000000c1600000, 0x00000000c3f80000, 0x00000000eb200000)
  object space 42496K, 48% used [0x00000000c1600000,0x00000000c2a178d8,0x00000000c3f80000)
 Metaspace       used 27616K, capacity 27900K, committed 28080K, reserved 1073152K
  class space    used 3384K, capacity 3490K, committed 3504K, reserved 1048576K
Event: 10.341 GC heap after
Heap after GC invocations=8 (full 1):
 PSYoungGen      total 60928K, used 7902K [0x00000000eb200000, 0x00000000f1080000, 0x0000000100000000)
  eden space 49152K, 0% used [0x00000000eb200000,0x00000000eb200000,0x00000000ee200000)
  from space 11776K, 67% used [0x00000000ee200000,0x00000000ee9b7a68,0x00000000eed80000)
  to   space 11776K, 0% used [0x00000000f0500000,0x00000000f0500000,0x00000000f1080000)
 ParOldGen       total 42496K, used 20582K [0x00000000c1600000, 0x00000000c3f80000, 0x00000000eb200000)
  object space 42496K, 48% used [0x00000000c1600000,0x00000000c2a198d8,0x00000000c3f80000)
 Metaspace       used 27616K, capacity 27900K, committed 28080K, reserved 1073152K
  class space    used 3384K, capacity 3490K, committed 3504K, reserved 1048576K
}
Event: 10.940 GC heap before
{Heap before GC invocations=9 (full 1):
 PSYoungGen      total 60928K, used 56584K [0x00000000eb200000, 0x00000000f1080000, 0x0000000100000000)
  eden space 49152K, 99% used [0x00000000eb200000,0x00000000ee18a678,0x00000000ee200000)
  from space 11776K, 67% used [0x00000000ee200000,0x00000000ee9b7a68,0x00000000eed80000)
  to   space 11776K, 0% used [0x00000000f0500000,0x00000000f0500000,0x00000000f1080000)
 ParOldGen       total 42496K, used 20582K [0x00000000c1600000, 0x00000000c3f80000, 0x00000000eb200000)
  object space 42496K, 48% used [0x00000000c1600000,0x00000000c2a198d8,0x00000000c3f80000)
 Metaspace       used 27725K, capacity 28028K, committed 28336K, reserved 1075200K
  class space    used 3384K, capacity 3490K, committed 3504K, reserved 1048576K
Event: 10.949 GC heap after
Heap after GC invocations=9 (full 1):
 PSYoungGen      total 82944K, used 5859K [0x00000000eb200000, 0x00000000f0f00000, 0x0000000100000000)
  eden space 72704K, 0% used [0x00000000eb200000,0x00000000eb200000,0x00000000ef900000)
  from space 10240K, 57% used [0x00000000f0500000,0x00000000f0ab8c98,0x00000000f0f00000)
  to   space 11264K, 0% used [0x00000000ef900000,0x00000000ef900000,0x00000000f0400000)
 ParOldGen       total 42496K, used 20590K [0x00000000c1600000, 0x00000000c3f80000, 0x00000000eb200000)
  object space 42496K, 48% used [0x00000000c1600000,0x00000000c2a1b8d8,0x00000000c3f80000)
 Metaspace       used 27725K, capacity 28028K, committed 28336K, reserved 1075200K
  class space    used 3384K, capacity 3490K, committed 3504K, reserved 1048576K
}
Event: 11.521 GC heap before
{Heap before GC invocations=10 (full 1):
 PSYoungGen      total 82944K, used 77894K [0x00000000eb200000, 0x00000000f0f00000, 0x0000000100000000)
  eden space 72704K, 99% used [0x00000000eb200000,0x00000000ef858d18,0x00000000ef900000)
  from space 10240K, 57% used [0x00000000f0500000,0x00000000f0ab8c98,0x00000000f0f00000)
  to   space 11264K, 0% used [0x00000000ef900000,0x00000000ef900000,0x00000000f0400000)
 ParOldGen       total 42496K, used 20590K [0x00000000c1600000, 0x00000000c3f80000, 0x00000000eb200000)
  object space 42496K, 48% used [0x00000000c1600000,0x00000000c2a1b8d8,0x00000000c3f80000)
 Metaspace       used 27803K, capacity 28092K, committed 28336K, reserved 1075200K
  class space    used 3385K, capacity 3490K, committed 3504K, reserved 1048576K
Event: 11.538 GC heap after
Heap after GC invocations=10 (full 1):
 PSYoungGen      total 83968K, used 6197K [0x00000000eb200000, 0x00000000f2400000, 0x0000000100000000)
  eden space 72704K, 0% used [0x00000000eb200000,0x00000000eb200000,0x00000000ef900000)
  from space 11264K, 55% used [0x00000000ef900000,0x00000000eff0d6b8,0x00000000f0400000)
  to   space 10752K, 0% used [0x00000000f1980000,0x00000000f1980000,0x00000000f2400000)
 ParOldGen       total 42496K, used 20598K [0x00000000c1600000, 0x00000000c3f80000, 0x00000000eb200000)
  object space 42496K, 48% used [0x00000000c1600000,0x00000000c2a1d8d8,0x00000000c3f80000)
 Metaspace       used 27803K, capacity 28092K, committed 28336K, reserved 1075200K
  class space    used 3385K, capacity 3490K, committed 3504K, reserved 1048576K
}
Event: 12.260 GC heap before
{Heap before GC invocations=11 (full 1):
 PSYoungGen      total 83968K, used 78755K [0x00000000eb200000, 0x00000000f2400000, 0x0000000100000000)
  eden space 72704K, 99% used [0x00000000eb200000,0x00000000ef8db910,0x00000000ef900000)
  from space 11264K, 55% used [0x00000000ef900000,0x00000000eff0d6b8,0x00000000f0400000)
  to   space 10752K, 0% used [0x00000000f1980000,0x00000000f1980000,0x00000000f2400000)
 ParOldGen       total 42496K, used 20598K [0x00000000c1600000, 0x00000000c3f80000, 0x00000000eb200000)
  object space 42496K, 48% used [0x00000000c1600000,0x00000000c2a1d8d8,0x00000000c3f80000)
 Metaspace       used 27871K, capacity 28156K, committed 28336K, reserved 1075200K
  class space    used 3385K, capacity 3490K, committed 3504K, reserved 1048576K
Event: 12.270 GC heap after
Heap after GC invocations=11 (full 1):
 PSYoungGen      total 104960K, used 6410K [0x00000000eb200000, 0x00000000f2380000, 0x0000000100000000)
  eden space 94720K, 0% used [0x00000000eb200000,0x00000000eb200000,0x00000000f0e80000)
  from space 10240K, 62% used [0x00000000f1980000,0x00000000f1fc2a88,0x00000000f2380000)
  to   space 10752K, 0% used [0x00000000f0e80000,0x00000000f0e80000,0x00000000f1900000)
 ParOldGen       total 42496K, used 20606K [0x00000000c1600000, 0x00000000c3f80000, 0x00000000eb200000)
  object space 42496K, 48% used [0x00000000c1600000,0x00000000c2a1f8d8,0x00000000c3f80000)
 Metaspace       used 27871K, capacity 28156K, committed 28336K, reserved 1075200K
  class space    used 3385K, capacity 3490K, committed 3504K, reserved 1048576K
}

